2020-08-20 17:24:50.265 [main] WARN  NacosPropertySourceBuilder - Ignore the empty nacos configuration and get it based on dataId[cloud-provider] & group[DEFAULT_GROUP]
2020-08-20 17:24:50.269 [main] WARN  NacosPropertySourceBuilder - Ignore the empty nacos configuration and get it based on dataId[cloud-provider.properties] & group[DEFAULT_GROUP]
2020-08-20 17:24:50.961 [main] WARN  EndpointId - Endpoint ID 'nacos-config' contains invalid characters, please migrate to a valid format.
2020-08-20 17:24:50.967 [main] WARN  EndpointId - Endpoint ID 'nacos-discovery' contains invalid characters, please migrate to a valid format.
2020-08-20 17:24:51.297 [main] WARN  EndpointId - Endpoint ID 'service-registry' contains invalid characters, please migrate to a valid format.
2020-08-20 17:24:52.644 [main] WARN  URLConfigurationSource - No URLs will be polled as dynamic configuration sources.
2020-08-20 17:24:52.652 [main] WARN  URLConfigurationSource - No URLs will be polled as dynamic configuration sources.
2020-08-20 17:24:54.262 [main] WARN  AnnotationConfigServletWebServerApplicationContext - Exception encountered during context initialization - cancelling refresh attempt: org.springframework.beans.factory.BeanCreationException: Error creating bean with name 'scopedTarget.nacosController': Injection of autowired dependencies failed; nested exception is java.lang.IllegalArgumentException: Could not resolve placeholder 'test.say' in value "${test.say}"
2020-08-20 17:31:27.386 [main] WARN  NacosPropertySourceBuilder - Ignore the empty nacos configuration and get it based on dataId[cloud-provider] & group[DEFAULT_GROUP]
2020-08-20 17:31:27.391 [main] WARN  NacosPropertySourceBuilder - Ignore the empty nacos configuration and get it based on dataId[cloud-provider.properties] & group[DEFAULT_GROUP]
2020-08-20 17:31:27.396 [main] WARN  NacosPropertySourceBuilder - Ignore the empty nacos configuration and get it based on dataId[cloud-provider-dev.properties] & group[DEFAULT_GROUP]
2020-08-20 17:31:27.965 [main] WARN  EndpointId - Endpoint ID 'nacos-config' contains invalid characters, please migrate to a valid format.
2020-08-20 17:31:27.969 [main] WARN  EndpointId - Endpoint ID 'nacos-discovery' contains invalid characters, please migrate to a valid format.
2020-08-20 17:31:28.201 [main] WARN  EndpointId - Endpoint ID 'service-registry' contains invalid characters, please migrate to a valid format.
2020-08-20 17:31:28.956 [main] WARN  URLConfigurationSource - No URLs will be polled as dynamic configuration sources.
2020-08-20 17:31:28.962 [main] WARN  URLConfigurationSource - No URLs will be polled as dynamic configuration sources.
2020-08-20 17:31:30.387 [main] WARN  AnnotationConfigServletWebServerApplicationContext - Exception encountered during context initialization - cancelling refresh attempt: org.springframework.beans.factory.BeanCreationException: Error creating bean with name 'scopedTarget.nacosController': Injection of autowired dependencies failed; nested exception is java.lang.IllegalArgumentException: Could not resolve placeholder 'test.say' in value "${test.say}"
2020-08-20 17:32:20.310 [main] WARN  NacosPropertySourceBuilder - Ignore the empty nacos configuration and get it based on dataId[cloud-provider] & group[DEFAULT_GROUP]
2020-08-20 17:32:20.316 [main] WARN  NacosPropertySourceBuilder - Ignore the empty nacos configuration and get it based on dataId[cloud-provider.properties] & group[DEFAULT_GROUP]
2020-08-20 17:32:20.322 [main] WARN  NacosPropertySourceBuilder - Ignore the empty nacos configuration and get it based on dataId[cloud-provider-dev.properties] & group[DEFAULT_GROUP]
2020-08-20 17:32:20.855 [main] WARN  EndpointId - Endpoint ID 'nacos-config' contains invalid characters, please migrate to a valid format.
2020-08-20 17:32:20.858 [main] WARN  EndpointId - Endpoint ID 'nacos-discovery' contains invalid characters, please migrate to a valid format.
2020-08-20 17:32:21.074 [main] WARN  EndpointId - Endpoint ID 'service-registry' contains invalid characters, please migrate to a valid format.
2020-08-20 17:32:21.849 [main] WARN  URLConfigurationSource - No URLs will be polled as dynamic configuration sources.
2020-08-20 17:32:21.854 [main] WARN  URLConfigurationSource - No URLs will be polled as dynamic configuration sources.
2020-08-20 17:34:50.278 [main] WARN  NacosPropertySourceBuilder - Ignore the empty nacos configuration and get it based on dataId[cloud-provider] & group[DEFAULT_GROUP]
2020-08-20 17:34:50.284 [main] WARN  NacosPropertySourceBuilder - Ignore the empty nacos configuration and get it based on dataId[cloud-provider.yml] & group[DEFAULT_GROUP]
2020-08-20 17:35:56.362 [main] WARN  NacosPropertySourceBuilder - Ignore the empty nacos configuration and get it based on dataId[cloud-provider] & group[DEFAULT_GROUP]
2020-08-20 17:35:56.367 [main] WARN  NacosPropertySourceBuilder - Ignore the empty nacos configuration and get it based on dataId[cloud-provider.yml] & group[DEFAULT_GROUP]
2020-08-20 17:36:20.932 [main] WARN  NacosPropertySourceBuilder - Ignore the empty nacos configuration and get it based on dataId[cloud-provider] & group[DEFAULT_GROUP]
2020-08-20 17:36:20.937 [main] WARN  NacosPropertySourceBuilder - Ignore the empty nacos configuration and get it based on dataId[cloud-provider.yml] & group[DEFAULT_GROUP]
2020-08-20 17:37:05.072 [main] WARN  NacosPropertySourceBuilder - Ignore the empty nacos configuration and get it based on dataId[cloud-provider] & group[DEFAULT_GROUP]
2020-08-20 17:37:05.078 [main] WARN  NacosPropertySourceBuilder - Ignore the empty nacos configuration and get it based on dataId[cloud-provider.yml] & group[DEFAULT_GROUP]
2020-08-20 17:37:05.639 [main] WARN  EndpointId - Endpoint ID 'nacos-config' contains invalid characters, please migrate to a valid format.
2020-08-20 17:37:05.643 [main] WARN  EndpointId - Endpoint ID 'nacos-discovery' contains invalid characters, please migrate to a valid format.
2020-08-20 17:37:05.861 [main] WARN  EndpointId - Endpoint ID 'service-registry' contains invalid characters, please migrate to a valid format.
2020-08-20 17:37:06.616 [main] WARN  URLConfigurationSource - No URLs will be polled as dynamic configuration sources.
2020-08-20 17:37:06.623 [main] WARN  URLConfigurationSource - No URLs will be polled as dynamic configuration sources.
2020-08-20 17:39:16.421 [com.alibaba.nacos.client.Worker.longPolling.fixed-127.0.0.1_8848] WARN  NacosPropertySourceBuilder - Ignore the empty nacos configuration and get it based on dataId[cloud-provider] & group[DEFAULT_GROUP]
2020-08-20 17:39:16.425 [com.alibaba.nacos.client.Worker.longPolling.fixed-127.0.0.1_8848] WARN  NacosPropertySourceBuilder - Ignore the empty nacos configuration and get it based on dataId[cloud-provider.yml] & group[DEFAULT_GROUP]
2020-08-20 17:39:46.634 [main] WARN  NacosPropertySourceBuilder - Ignore the empty nacos configuration and get it based on dataId[cloud-provider] & group[DEFAULT_GROUP]
2020-08-20 17:39:46.663 [main] WARN  NacosPropertySourceBuilder - Ignore the empty nacos configuration and get it based on dataId[cloud-provider.yml] & group[DEFAULT_GROUP]
2020-08-20 17:39:47.246 [main] WARN  EndpointId - Endpoint ID 'nacos-config' contains invalid characters, please migrate to a valid format.
2020-08-20 17:39:47.404 [main] WARN  EndpointId - Endpoint ID 'nacos-discovery' contains invalid characters, please migrate to a valid format.
2020-08-20 17:39:47.628 [main] WARN  EndpointId - Endpoint ID 'service-registry' contains invalid characters, please migrate to a valid format.
2020-08-20 17:39:49.011 [main] WARN  URLConfigurationSource - No URLs will be polled as dynamic configuration sources.
2020-08-20 17:39:49.018 [main] WARN  URLConfigurationSource - No URLs will be polled as dynamic configuration sources.
2020-08-20 17:39:58.559 [com.alibaba.nacos.client.Worker.longPolling.fixed-127.0.0.1_8848] WARN  NacosPropertySourceBuilder - Ignore the empty nacos configuration and get it based on dataId[cloud-provider] & group[DEFAULT_GROUP]
2020-08-20 17:39:58.562 [com.alibaba.nacos.client.Worker.longPolling.fixed-127.0.0.1_8848] WARN  NacosPropertySourceBuilder - Ignore the empty nacos configuration and get it based on dataId[cloud-provider.yml] & group[DEFAULT_GROUP]
2020-08-20 17:40:20.040 [main] WARN  NacosPropertySourceBuilder - Ignore the empty nacos configuration and get it based on dataId[cloud-provider] & group[DEFAULT_GROUP]
2020-08-20 17:40:20.046 [main] WARN  NacosPropertySourceBuilder - Ignore the empty nacos configuration and get it based on dataId[cloud-provider.yml] & group[DEFAULT_GROUP]
2020-08-20 17:40:20.611 [main] WARN  EndpointId - Endpoint ID 'nacos-config' contains invalid characters, please migrate to a valid format.
2020-08-20 17:40:20.614 [main] WARN  EndpointId - Endpoint ID 'nacos-discovery' contains invalid characters, please migrate to a valid format.
2020-08-20 17:40:20.840 [main] WARN  EndpointId - Endpoint ID 'service-registry' contains invalid characters, please migrate to a valid format.
2020-08-20 17:40:21.703 [main] WARN  URLConfigurationSource - No URLs will be polled as dynamic configuration sources.
2020-08-20 17:40:21.710 [main] WARN  URLConfigurationSource - No URLs will be polled as dynamic configuration sources.
2020-08-20 17:40:51.843 [com.alibaba.nacos.client.Worker.longPolling.fixed-127.0.0.1_8848] WARN  NacosPropertySourceBuilder - Ignore the empty nacos configuration and get it based on dataId[cloud-provider] & group[DEFAULT_GROUP]
2020-08-20 17:40:51.849 [com.alibaba.nacos.client.Worker.longPolling.fixed-127.0.0.1_8848] WARN  NacosPropertySourceBuilder - Ignore the empty nacos configuration and get it based on dataId[cloud-provider.yml] & group[DEFAULT_GROUP]
2020-08-20 17:41:33.324 [com.alibaba.nacos.client.Worker.longPolling.fixed-127.0.0.1_8848] WARN  NacosPropertySourceBuilder - Ignore the empty nacos configuration and get it based on dataId[cloud-provider] & group[DEFAULT_GROUP]
2020-08-20 17:41:33.329 [com.alibaba.nacos.client.Worker.longPolling.fixed-127.0.0.1_8848] WARN  NacosPropertySourceBuilder - Ignore the empty nacos configuration and get it based on dataId[cloud-provider.yml] & group[DEFAULT_GROUP]
2020-08-20 17:42:49.785 [main] WARN  NacosPropertySourceBuilder - Ignore the empty nacos configuration and get it based on dataId[cloud-provider] & group[DEFAULT_GROUP]
2020-08-20 17:42:49.793 [main] WARN  NacosPropertySourceBuilder - Ignore the empty nacos configuration and get it based on dataId[cloud-provider.yml] & group[DEFAULT_GROUP]
2020-08-20 17:42:50.694 [main] WARN  EndpointId - Endpoint ID 'nacos-config' contains invalid characters, please migrate to a valid format.
2020-08-20 17:42:50.698 [main] WARN  EndpointId - Endpoint ID 'nacos-discovery' contains invalid characters, please migrate to a valid format.
2020-08-20 17:42:50.925 [main] WARN  EndpointId - Endpoint ID 'service-registry' contains invalid characters, please migrate to a valid format.
2020-08-20 17:42:51.787 [main] WARN  URLConfigurationSource - No URLs will be polled as dynamic configuration sources.
2020-08-20 17:42:51.793 [main] WARN  URLConfigurationSource - No URLs will be polled as dynamic configuration sources.
2020-08-20 18:03:02.184 [main] WARN  NacosPropertySourceBuilder - Ignore the empty nacos configuration and get it based on dataId[cloud-provider] & group[DEFAULT_GROUP]
2020-08-20 18:03:02.190 [main] WARN  NacosPropertySourceBuilder - Ignore the empty nacos configuration and get it based on dataId[cloud-provider.yml] & group[DEFAULT_GROUP]
2020-08-20 18:03:02.919 [main] WARN  EndpointId - Endpoint ID 'nacos-config' contains invalid characters, please migrate to a valid format.
2020-08-20 18:03:02.925 [main] WARN  EndpointId - Endpoint ID 'nacos-discovery' contains invalid characters, please migrate to a valid format.
2020-08-20 18:03:03.249 [main] WARN  EndpointId - Endpoint ID 'service-registry' contains invalid characters, please migrate to a valid format.
2020-08-20 18:03:04.221 [main] WARN  URLConfigurationSource - No URLs will be polled as dynamic configuration sources.
2020-08-20 18:03:04.230 [main] WARN  URLConfigurationSource - No URLs will be polled as dynamic configuration sources.
2020-08-20 18:03:05.972 [main] WARN  AnnotationConfigServletWebServerApplicationContext - Exception encountered during context initialization - cancelling refresh attempt: org.springframework.beans.factory.BeanCreationException: Error creating bean with name 'scopedTarget.nacosController': Injection of autowired dependencies failed; nested exception is java.lang.IllegalArgumentException: Could not resolve placeholder 'test.say' in value "${test.say}"
2020-08-20 18:04:33.162 [main] WARN  NacosPropertySourceBuilder - Ignore the empty nacos configuration and get it based on dataId[cloud-provider] & group[DEFAULT_GROUP]
2020-08-20 18:04:33.168 [main] WARN  NacosPropertySourceBuilder - Ignore the empty nacos configuration and get it based on dataId[cloud-provider.yml] & group[DEFAULT_GROUP]
2020-08-20 18:04:33.883 [main] WARN  EndpointId - Endpoint ID 'nacos-config' contains invalid characters, please migrate to a valid format.
2020-08-20 18:04:33.886 [main] WARN  EndpointId - Endpoint ID 'nacos-discovery' contains invalid characters, please migrate to a valid format.
2020-08-20 18:04:34.172 [main] WARN  EndpointId - Endpoint ID 'service-registry' contains invalid characters, please migrate to a valid format.
2020-08-20 18:04:35.114 [main] WARN  URLConfigurationSource - No URLs will be polled as dynamic configuration sources.
2020-08-20 18:04:35.119 [main] WARN  URLConfigurationSource - No URLs will be polled as dynamic configuration sources.
2020-08-20 18:10:46.206 [main] WARN  NacosPropertySourceBuilder - Ignore the empty nacos configuration and get it based on dataId[cloud-provider] & group[DEFAULT_GROUP]
2020-08-20 18:10:46.211 [main] WARN  NacosPropertySourceBuilder - Ignore the empty nacos configuration and get it based on dataId[cloud-provider.yml] & group[DEFAULT_GROUP]
2020-08-20 18:10:46.829 [main] WARN  EndpointId - Endpoint ID 'nacos-config' contains invalid characters, please migrate to a valid format.
2020-08-20 18:10:46.832 [main] WARN  EndpointId - Endpoint ID 'nacos-discovery' contains invalid characters, please migrate to a valid format.
2020-08-20 18:10:47.029 [main] WARN  EndpointId - Endpoint ID 'service-registry' contains invalid characters, please migrate to a valid format.
2020-08-20 18:10:47.836 [main] WARN  URLConfigurationSource - No URLs will be polled as dynamic configuration sources.
2020-08-20 18:10:47.843 [main] WARN  URLConfigurationSource - No URLs will be polled as dynamic configuration sources.
2020-08-20 18:25:07.355 [main] WARN  NacosPropertySourceBuilder - Ignore the empty nacos configuration and get it based on dataId[cloud-provider] & group[DEFAULT_GROUP]
2020-08-20 18:25:07.362 [main] WARN  NacosPropertySourceBuilder - Ignore the empty nacos configuration and get it based on dataId[cloud-provider.yml] & group[DEFAULT_GROUP]
2020-08-20 18:25:07.968 [main] WARN  EndpointId - Endpoint ID 'nacos-config' contains invalid characters, please migrate to a valid format.
2020-08-20 18:25:07.972 [main] WARN  EndpointId - Endpoint ID 'nacos-discovery' contains invalid characters, please migrate to a valid format.
2020-08-20 18:25:08.202 [main] WARN  EndpointId - Endpoint ID 'service-registry' contains invalid characters, please migrate to a valid format.
2020-08-20 18:25:09.017 [main] WARN  URLConfigurationSource - No URLs will be polled as dynamic configuration sources.
2020-08-20 18:25:09.023 [main] WARN  URLConfigurationSource - No URLs will be polled as dynamic configuration sources.
2020-08-20 18:32:06.049 [main] WARN  NacosPropertySourceBuilder - Ignore the empty nacos configuration and get it based on dataId[cloud-provider] & group[DEFAULT_GROUP]
2020-08-20 18:32:06.055 [main] WARN  NacosPropertySourceBuilder - Ignore the empty nacos configuration and get it based on dataId[cloud-provider.yml] & group[DEFAULT_GROUP]
2020-08-20 18:32:06.659 [main] WARN  EndpointId - Endpoint ID 'nacos-config' contains invalid characters, please migrate to a valid format.
2020-08-20 18:32:06.662 [main] WARN  EndpointId - Endpoint ID 'nacos-discovery' contains invalid characters, please migrate to a valid format.
2020-08-20 18:32:06.893 [main] WARN  EndpointId - Endpoint ID 'service-registry' contains invalid characters, please migrate to a valid format.
2020-08-20 18:32:07.775 [main] WARN  URLConfigurationSource - No URLs will be polled as dynamic configuration sources.
2020-08-20 18:32:07.793 [main] WARN  URLConfigurationSource - No URLs will be polled as dynamic configuration sources.
