2020-08-21 09:27:37.603 [main] WARN  NacosPropertySourceBuilder - Ignore the empty nacos configuration and get it based on dataId[cloud-provider] & group[DEFAULT_GROUP]
2020-08-21 09:27:37.612 [main] WARN  NacosPropertySourceBuilder - Ignore the empty nacos configuration and get it based on dataId[cloud-provider.yml] & group[DEFAULT_GROUP]
2020-08-21 09:27:38.463 [main] WARN  EndpointId - Endpoint ID 'nacos-config' contains invalid characters, please migrate to a valid format.
2020-08-21 09:27:38.467 [main] WARN  EndpointId - Endpoint ID 'nacos-discovery' contains invalid characters, please migrate to a valid format.
2020-08-21 09:27:38.846 [main] WARN  EndpointId - Endpoint ID 'service-registry' contains invalid characters, please migrate to a valid format.
2020-08-21 09:27:40.294 [main] WARN  URLConfigurationSource - No URLs will be polled as dynamic configuration sources.
2020-08-21 09:27:40.334 [main] WARN  URLConfigurationSource - No URLs will be polled as dynamic configuration sources.
2020-08-21 09:32:44.602 [main] WARN  NacosPropertySourceBuilder - Ignore the empty nacos configuration and get it based on dataId[cloud-provider] & group[DEFAULT_GROUP]
2020-08-21 09:32:44.608 [main] WARN  NacosPropertySourceBuilder - Ignore the empty nacos configuration and get it based on dataId[cloud-provider.yml] & group[DEFAULT_GROUP]
2020-08-21 09:32:45.421 [main] WARN  EndpointId - Endpoint ID 'nacos-config' contains invalid characters, please migrate to a valid format.
2020-08-21 09:32:45.425 [main] WARN  EndpointId - Endpoint ID 'nacos-discovery' contains invalid characters, please migrate to a valid format.
2020-08-21 09:32:45.699 [main] WARN  EndpointId - Endpoint ID 'service-registry' contains invalid characters, please migrate to a valid format.
2020-08-21 09:32:46.961 [main] WARN  URLConfigurationSource - No URLs will be polled as dynamic configuration sources.
2020-08-21 09:32:46.968 [main] WARN  URLConfigurationSource - No URLs will be polled as dynamic configuration sources.
2020-08-21 09:37:14.723 [main] WARN  NacosPropertySourceBuilder - Ignore the empty nacos configuration and get it based on dataId[cloud-provider] & group[DEFAULT_GROUP]
2020-08-21 09:37:14.728 [main] WARN  NacosPropertySourceBuilder - Ignore the empty nacos configuration and get it based on dataId[cloud-provider.yml] & group[DEFAULT_GROUP]
2020-08-21 09:37:15.528 [main] WARN  EndpointId - Endpoint ID 'nacos-config' contains invalid characters, please migrate to a valid format.
2020-08-21 09:37:15.544 [main] WARN  EndpointId - Endpoint ID 'nacos-discovery' contains invalid characters, please migrate to a valid format.
2020-08-21 09:37:15.830 [main] WARN  EndpointId - Endpoint ID 'service-registry' contains invalid characters, please migrate to a valid format.
2020-08-21 09:37:17.138 [main] WARN  URLConfigurationSource - No URLs will be polled as dynamic configuration sources.
2020-08-21 09:37:17.145 [main] WARN  URLConfigurationSource - No URLs will be polled as dynamic configuration sources.
2020-08-21 12:41:40.753 [main] WARN  NacosPropertySourceBuilder - Ignore the empty nacos configuration and get it based on dataId[cloud-provider] & group[DEFAULT_GROUP]
2020-08-21 12:41:40.760 [main] WARN  NacosPropertySourceBuilder - Ignore the empty nacos configuration and get it based on dataId[cloud-provider.yml] & group[DEFAULT_GROUP]
2020-08-21 12:41:41.639 [main] WARN  EndpointId - Endpoint ID 'nacos-config' contains invalid characters, please migrate to a valid format.
2020-08-21 12:41:41.646 [main] WARN  EndpointId - Endpoint ID 'nacos-discovery' contains invalid characters, please migrate to a valid format.
2020-08-21 12:41:41.943 [main] WARN  EndpointId - Endpoint ID 'service-registry' contains invalid characters, please migrate to a valid format.
2020-08-21 12:41:43.175 [main] WARN  URLConfigurationSource - No URLs will be polled as dynamic configuration sources.
2020-08-21 12:41:43.182 [main] WARN  URLConfigurationSource - No URLs will be polled as dynamic configuration sources.
2020-08-21 12:43:25.791 [main] WARN  NacosPropertySourceBuilder - Ignore the empty nacos configuration and get it based on dataId[cloud-provider] & group[DEFAULT_GROUP]
2020-08-21 12:43:25.797 [main] WARN  NacosPropertySourceBuilder - Ignore the empty nacos configuration and get it based on dataId[cloud-provider.yml] & group[DEFAULT_GROUP]
2020-08-21 12:43:26.678 [main] WARN  EndpointId - Endpoint ID 'nacos-config' contains invalid characters, please migrate to a valid format.
2020-08-21 12:43:26.683 [main] WARN  EndpointId - Endpoint ID 'nacos-discovery' contains invalid characters, please migrate to a valid format.
2020-08-21 12:43:26.955 [main] WARN  EndpointId - Endpoint ID 'service-registry' contains invalid characters, please migrate to a valid format.
2020-08-21 12:43:28.144 [main] WARN  URLConfigurationSource - No URLs will be polled as dynamic configuration sources.
2020-08-21 12:43:28.151 [main] WARN  URLConfigurationSource - No URLs will be polled as dynamic configuration sources.
2020-08-21 17:45:37.578 [main] WARN  NacosPropertySourceBuilder - Ignore the empty nacos configuration and get it based on dataId[cloud-provider] & group[DEFAULT_GROUP]
2020-08-21 17:45:37.584 [main] WARN  NacosPropertySourceBuilder - Ignore the empty nacos configuration and get it based on dataId[cloud-provider.yml] & group[DEFAULT_GROUP]
2020-08-21 17:45:38.346 [main] WARN  EndpointId - Endpoint ID 'nacos-config' contains invalid characters, please migrate to a valid format.
2020-08-21 17:45:38.349 [main] WARN  EndpointId - Endpoint ID 'nacos-discovery' contains invalid characters, please migrate to a valid format.
2020-08-21 17:45:38.634 [main] WARN  EndpointId - Endpoint ID 'service-registry' contains invalid characters, please migrate to a valid format.
2020-08-21 17:45:39.723 [main] WARN  URLConfigurationSource - No URLs will be polled as dynamic configuration sources.
2020-08-21 17:45:39.729 [main] WARN  URLConfigurationSource - No URLs will be polled as dynamic configuration sources.
